{"/Users/dakotalewallen/Projects/github/type-safe-cdk-env/src/index.ts": {"path":"/Users/dakotalewallen/Projects/github/type-safe-cdk-env/src/index.ts","statementMap":{"0":{"start":{"line":1,"column":0},"end":{"line":1,"column":34}},"1":{"start":{"line":3,"column":0},"end":{"line":3,"column":28}},"2":{"start":{"line":5,"column":29},"end":{"line":26,"column":1}},"3":{"start":{"line":10,"column":2},"end":{"line":25,"column":3}},"4":{"start":{"line":11,"column":20},"end":{"line":14,"column":null}},"5":{"start":{"line":17,"column":16},"end":{"line":17,"column":49}},"6":{"start":{"line":19,"column":4},"end":{"line":21,"column":6}},"7":{"start":{"line":23,"column":4},"end":{"line":23,"column":71}},"8":{"start":{"line":24,"column":4},"end":{"line":24,"column":14}},"9":{"start":{"line":5,"column":13},"end":{"line":5,"column":29}}},"fnMap":{"0":{"name":"(anonymous_0)","decl":{"start":{"line":5,"column":29},"end":{"line":5,"column":null}},"loc":{"start":{"line":8,"column":16},"end":{"line":26,"column":1}}}},"branchMap":{"0":{"loc":{"start":{"line":12,"column":6},"end":{"line":14,"column":29}},"type":"cond-expr","locations":[{"start":{"line":13,"column":10},"end":{"line":13,"column":32}},{"start":{"line":14,"column":10},"end":{"line":14,"column":29}}]},"1":{"loc":{"start":{"line":23,"column":4},"end":{"line":23,"column":70}},"type":"binary-expr","locations":[{"start":{"line":23,"column":4},"end":{"line":23,"column":21}},{"start":{"line":23,"column":25},"end":{"line":23,"column":70}}]}},"s":{"0":1,"1":1,"2":1,"3":8,"4":8,"5":5,"6":4,"7":4,"8":4,"9":1},"f":{"0":8},"b":{"0":[1,7],"1":[4,1]}}
}
